#
# There is insufficient memory for the Java Runtime Environment to continue.
# Native memory allocation (mmap) failed to map 65536 bytes for Failed to commit metaspace.
# Possible reasons:
#   The system is out of physical RAM or swap space
#   The process is running with CompressedOops enabled, and the Java Heap may be blocking the growth of the native heap
# Possible solutions:
#   Reduce memory load on the system
#   Increase physical memory or swap space
#   Check if swap backing store is full
#   Decrease Java heap size (-Xmx/-Xms)
#   Decrease number of Java threads
#   Decrease Java thread stack sizes (-Xss)
#   Set larger code cache with -XX:ReservedCodeCacheSize=
#   JVM is running with Zero Based Compressed Oops mode in which the Java heap is
#     placed in the first 32GB address space. The Java Heap base address is the
#     maximum limit for the native heap growth. Please use -XX:HeapBaseMinAddress
#     to set the Java Heap base and to place the Java Heap above 32GB virtual address.
# This output file may be truncated or incomplete.
#
#  Out of Memory Error (virtualSpaceNode.cpp:110), pid=41124, tid=41136
#
# JRE version: Java(TM) SE Runtime Environment (17.0.3.1+2) (build 17.0.3.1+2-LTS-6)
# Java VM: Java HotSpot(TM) 64-Bit Server VM (17.0.3.1+2-LTS-6, mixed mode, tiered, compressed oops, compressed class ptrs, g1 gc, windows-amd64)
# No core dump will be written. Minidumps are not enabled by default on client versions of Windows
#

---------------  S U M M A R Y ------------

Command Line: -agentpath:C:\Program Files\Palo Alto Networks\Traps\cyjagent.dll io.qameta.allure.CommandLine serve C:\Celleniu\core\static\reports\allure_report.json

Host: AMD Ryzen 7 PRO 5850U with Radeon Graphics     , 16 cores, 27G,  Windows 10 , 64 bit Build 19041 (10.0.19041.2364)
Time: Mon Feb 27 18:32:00 2023 Jerusalem Standard Time elapsed time: 0.101889 seconds (0d 0h 0m 0s)

---------------  T H R E A D  ---------------

Current thread (0x00000212ffd15f80):  JavaThread "main" [_thread_in_vm, id=41136, stack(0x00000091ae000000,0x00000091ae100000)]

Stack: [0x00000091ae000000,0x00000091ae100000]
Native frames: (J=compiled Java code, j=interpreted, Vv=VM code, C=native code)
V  [jvm.dll+0x6711ba]
V  [jvm.dll+0x7d0834]
V  [jvm.dll+0x7d1fde]
V  [jvm.dll+0x7d2643]
V  [jvm.dll+0x242c85]
V  [jvm.dll+0x7cc7db]
V  [jvm.dll+0x616f96]
V  [jvm.dll+0x616ffa]
V  [jvm.dll+0x61980a]
V  [jvm.dll+0x617936]
V  [jvm.dll+0x23724f]
V  [jvm.dll+0x621655]
V  [jvm.dll+0x1e7f5b]
V  [jvm.dll+0x1e8495]
V  [jvm.dll+0x1e8ecf]
V  [jvm.dll+0x1de381]
V  [jvm.dll+0x537ee0]
V  [jvm.dll+0x1eeb67]
V  [jvm.dll+0x74a8ab]
V  [jvm.dll+0x74bc52]
V  [jvm.dll+0x74bf88]
V  [jvm.dll+0x23afde]
V  [jvm.dll+0x37b5de]
C  0x00000212877bb817

Java frames: (J=compiled Java code, j=interpreted, Vv=VM code)
j  java.util.zip.ZipFile.<clinit>()V+0 java.base@17.0.3.1
v  ~StubRoutines::call_stub
j  jdk.internal.misc.Unsafe.ensureClassInitialized0(Ljava/lang/Class;)V+0 java.base@17.0.3.1
j  jdk.internal.misc.Unsafe.ensureClassInitialized(Ljava/lang/Class;)V+14 java.base@17.0.3.1
j  java.lang.invoke.MethodHandles$Lookup.ensureInitialized(Ljava/lang/Class;)Ljava/lang/Class;+102 java.base@17.0.3.1
j  jdk.internal.access.SharedSecrets.ensureClassInitialized(Ljava/lang/Class;)V+4 java.base@17.0.3.1
j  jdk.internal.access.SharedSecrets.getJavaUtilZipFileAccess()Ljdk/internal/access/JavaUtilZipFileAccess;+10 java.base@17.0.3.1
j  jdk.internal.loader.URLClassPath$JarLoader.<clinit>()V+0 java.base@17.0.3.1
v  ~StubRoutines::call_stub
j  jdk.internal.loader.URLClassPath$3.run()Ljdk/internal/loader/URLClassPath$Loader;+139 java.base@17.0.3.1
j  jdk.internal.loader.URLClassPath$3.run()Ljava/lang/Object;+1 java.base@17.0.3.1
j  java.security.AccessController.executePrivileged(Ljava/security/PrivilegedExceptionAction;Ljava/security/AccessControlContext;Ljava/lang/Class;)Ljava/lang/Object;+29 java.base@17.0.3.1
j  java.security.AccessController.doPrivileged(Ljava/security/PrivilegedExceptionAction;Ljava/security/AccessControlContext;)Ljava/lang/Object;+13 java.base@17.0.3.1
j  jdk.internal.loader.URLClassPath.getLoader(Ljava/net/URL;)Ljdk/internal/loader/URLClassPath$Loader;+13 java.base@17.0.3.1
j  jdk.internal.loader.URLClassPath.getLoader(I)Ljdk/internal/loader/URLClassPath$Loader;+81 java.base@17.0.3.1
j  jdk.internal.loader.URLClassPath.getResource(Ljava/lang/String;Z)Ljdk/internal/loader/Resource;+42 java.base@17.0.3.1
j  jdk.internal.loader.BuiltinClassLoader.findClassOnClassPathOrNull(Ljava/lang/String;)Ljava/lang/Class;+26 java.base@17.0.3.1
j  jdk.internal.loader.BuiltinClassLoader.loadClassOrNull(Ljava/lang/String;Z)Ljava/lang/Class;+111 java.base@17.0.3.1
j  jdk.internal.loader.BuiltinClassLoader.loadClass(Ljava/lang/String;Z)Ljava/lang/Class;+3 java.base@17.0.3.1
j  jdk.internal.loader.ClassLoaders$AppClassLoader.loadClass(Ljava/lang/String;Z)Ljava/lang/Class;+36 java.base@17.0.3.1
j  java.lang.ClassLoader.loadClass(Ljava/lang/String;)Ljava/lang/Class;+3 java.base@17.0.3.1
v  ~StubRoutines::call_stub
j  java.lang.Class.forName0(Ljava/lang/String;ZLjava/lang/ClassLoader;Ljava/lang/Class;)Ljava/lang/Class;+0 java.base@17.0.3.1
j  java.lang.Class.forName(Ljava/lang/String;ZLjava/lang/ClassLoader;)Ljava/lang/Class;+43 java.base@17.0.3.1
j  sun.launcher.LauncherHelper.loadMainClass(ILjava/lang/String;)Ljava/lang/Class;+95 java.base@17.0.3.1
j  sun.launcher.LauncherHelper.checkAndLoadMain(ZILjava/lang/String;)Ljava/lang/Class;+42 java.base@17.0.3.1
v  ~StubRoutines::call_stub

---------------  P R O C E S S  ---------------

Threads class SMR info:
_java_thread_list=0x00000212ab21dfe0, length=13, elements={
0x00000212ffd15f80, 0x00000212ab090780, 0x00000212ab06c570, 0x00000212ab0d1550,
0x00000212ab0d3f20, 0x00000212ab0d47e0, 0x00000212ab0d54b0, 0x00000212ab0d60a0,
0x00000212ab0d6e50, 0x00000212ab0d7750, 0x00000212ab23c950, 0x00000212ab241180,
0x00000212ab2742e0
}

Java Threads: ( => current thread )
=>0x00000212ffd15f80 JavaThread "main" [_thread_in_vm, id=41136, stack(0x00000091ae000000,0x00000091ae100000)]
  0x00000212ab090780 JavaThread "Reference Handler" daemon [_thread_blocked, id=41164, stack(0x00000091ae700000,0x00000091ae800000)]
  0x00000212ab06c570 JavaThread "Finalizer" daemon [_thread_blocked, id=41168, stack(0x00000091ae800000,0x00000091ae900000)]
  0x00000212ab0d1550 JavaThread "Signal Dispatcher" daemon [_thread_blocked, id=41172, stack(0x00000091ae900000,0x00000091aea00000)]
  0x00000212ab0d3f20 JavaThread "Attach Listener" daemon [_thread_blocked, id=41176, stack(0x00000091aea00000,0x00000091aeb00000)]
  0x00000212ab0d47e0 JavaThread "Service Thread" daemon [_thread_blocked, id=41180, stack(0x00000091aeb00000,0x00000091aec00000)]
  0x00000212ab0d54b0 JavaThread "Monitor Deflation Thread" daemon [_thread_blocked, id=41184, stack(0x00000091aec00000,0x00000091aed00000)]
  0x00000212ab0d60a0 JavaThread "C2 CompilerThread0" daemon [_thread_blocked, id=41188, stack(0x00000091aed00000,0x00000091aee00000)]
  0x00000212ab0d6e50 JavaThread "C1 CompilerThread0" daemon [_thread_blocked, id=41192, stack(0x00000091aee00000,0x00000091aef00000)]
  0x00000212ab0d7750 JavaThread "Sweeper thread" daemon [_thread_blocked, id=41196, stack(0x00000091aef00000,0x00000091af000000)]
  0x00000212ab23c950 JavaThread "C1 CompilerThread1" daemon [_thread_blocked, id=41200, stack(0x00000091af000000,0x00000091af100000)]
  0x00000212ab241180 JavaThread "C1 CompilerThread2" daemon [_thread_blocked, id=41204, stack(0x00000091af100000,0x00000091af200000)]
  0x00000212ab2742e0 JavaThread "Notification Thread" daemon [_thread_blocked, id=41208, stack(0x00000091af200000,0x00000091af300000)]

Other Threads:
  0x00000212ab07dc70 VMThread "VM Thread" [stack: 0x00000091ae600000,0x00000091ae700000] [id=41160]
  0x00000212ab278ce0 WatcherThread [stack: 0x00000091af300000,0x00000091af400000] [id=41212]
  0x00000212a8008990 GCTaskThread "GC Thread#0" [stack: 0x00000091ae100000,0x00000091ae200000] [id=41140]
  0x00000212ffd868b0 ConcurrentGCThread "G1 Main Marker" [stack: 0x00000091ae200000,0x00000091ae300000] [id=41144]
  0x00000212ffd870d0 ConcurrentGCThread "G1 Conc#0" [stack: 0x00000091ae300000,0x00000091ae400000] [id=41148]
  0x00000212a80df4a0 ConcurrentGCThread "G1 Refine#0" [stack: 0x00000091ae400000,0x00000091ae500000] [id=41152]
  0x00000212a80dfdd0 ConcurrentGCThread "G1 Service" [stack: 0x00000091ae500000,0x00000091ae600000] [id=41156]

Threads with active compile tasks:

VM state: not at safepoint (normal execution)

VM Mutex/Monitor currently owned by a thread:  ([mutex/lock_event])
[0x00000212ffcfda80] Metaspace_lock - owner thread: 0x00000212ffd15f80

Heap address: 0x0000000642c00000, size: 7124 MB, Compressed Oops mode: Zero based, Oop shift amount: 3

CDS archive(s) not mapped
Compressed class space mapped at: 0x0000000800000000-0x0000000840000000, reserved size: 1073741824
Narrow klass base: 0x0000000800000000, Narrow klass shift: 0, Narrow klass range: 0x40000000

GC Precious Log:
 CPUs: 16 total, 16 available
 Memory: 28494M
 Large Page Support: Disabled
 NUMA Support: Disabled
 Compressed Oops: Enabled (Zero based)
 Heap Region Size: 4M
 Heap Min Capacity: 8M
 Heap Initial Capacity: 448M
 Heap Max Capacity: 7124M
 Pre-touch: Disabled
 Parallel Workers: 13
 Concurrent Workers: 3
 Concurrent Refinement Workers: 13
 Periodic GC: Disabled

Heap:
 garbage-first heap   total 458752K, used 0K [0x0000000642c00000, 0x0000000800000000)
  region size 4096K, 1 young (4096K), 0 survivors (0K)
 Metaspace       used 3680K, committed 3712K, reserved 1056768K
  class space    used 288K, committed 320K, reserved 1048576K

Heap Regions: E=young(eden), S=young(survivor), O=old, HS=humongous(starts), HC=humongous(continues), CS=collection set, F=free, OA=open archive, CA=closed archive, TAMS=top-at-mark-start (previous, next)
|   0|0x0000000642c00000, 0x0000000642c00000, 0x0000000643000000|  0%| F|  |TAMS 0x0000000642c00000, 0x0000000642c00000| Untracked 
|   1|0x0000000643000000, 0x0000000643000000, 0x0000000643400000|  0%| F|  |TAMS 0x0000000643000000, 0x0000000643000000| Untracked 
|   2|0x0000000643400000, 0x0000000643400000, 0x0000000643800000|  0%| F|  |TAMS 0x0000000643400000, 0x0000000643400000| Untracked 
|   3|0x0000000643800000, 0x0000000643800000, 0x0000000643c00000|  0%| F|  |TAMS 0x0000000643800000, 0x0000000643800000| Untracked 
|   4|0x0000000643c00000, 0x0000000643c00000, 0x0000000644000000|  0%| F|  |TAMS 0x0000000643c00000, 0x0000000643c00000| Untracked 
|   5|0x0000000644000000, 0x0000000644000000, 0x0000000644400000|  0%| F|  |TAMS 0x0000000644000000, 0x0000000644000000| Untracked 
|   6|0x0000000644400000, 0x0000000644400000, 0x0000000644800000|  0%| F|  |TAMS 0x0000000644400000, 0x0000000644400000| Untracked 
|   7|0x0000000644800000, 0x0000000644800000, 0x0000000644c00000|  0%| F|  |TAMS 0x0000000644800000, 0x0000000644800000| Untracked 
|   8|0x0000000644c00000, 0x0000000644c00000, 0x0000000645000000|  0%| F|  |TAMS 0x0000000644c00000, 0x0000000644c00000| Untracked 
|   9|0x0000000645000000, 0x0000000645000000, 0x0000000645400000|  0%| F|  |TAMS 0x0000000645000000, 0x0000000645000000| Untracked 
|  10|0x0000000645400000, 0x0000000645400000, 0x0000000645800000|  0%| F|  |TAMS 0x0000000645400000, 0x0000000645400000| Untracked 
|  11|0x0000000645800000, 0x0000000645800000, 0x0000000645c00000|  0%| F|  |TAMS 0x0000000645800000, 0x0000000645800000| Untracked 
|  12|0x0000000645c00000, 0x0000000645c00000, 0x0000000646000000|  0%| F|  |TAMS 0x0000000645c00000, 0x0000000645c00000| Untracked 
|  13|0x0000000646000000, 0x0000000646000000, 0x0000000646400000|  0%| F|  |TAMS 0x0000000646000000, 0x0000000646000000| Untracked 
|  14|0x0000000646400000, 0x0000000646400000, 0x0000000646800000|  0%| F|  |TAMS 0x0000000646400000, 0x0000000646400000| Untracked 
|  15|0x0000000646800000, 0x0000000646800000, 0x0000000646c00000|  0%| F|  |TAMS 0x0000000646800000, 0x0000000646800000| Untracked 
|  16|0x0000000646c00000, 0x0000000646c00000, 0x0000000647000000|  0%| F|  |TAMS 0x0000000646c00000, 0x0000000646c00000| Untracked 
|  17|0x0000000647000000, 0x0000000647000000, 0x0000000647400000|  0%| F|  |TAMS 0x0000000647000000, 0x0000000647000000| Untracked 
|  18|0x0000000647400000, 0x0000000647400000, 0x0000000647800000|  0%| F|  |TAMS 0x0000000647400000, 0x0000000647400000| Untracked 
|  19|0x0000000647800000, 0x0000000647800000, 0x0000000647c00000|  0%| F|  |TAMS 0x0000000647800000, 0x0000000647800000| Untracked 
|  20|0x0000000647c00000, 0x0000000647c00000, 0x0000000648000000|  0%| F|  |TAMS 0x0000000647c00000, 0x0000000647c00000| Untracked 
|  21|0x0000000648000000, 0x0000000648000000, 0x0000000648400000|  0%| F|  |TAMS 0x0000000648000000, 0x0000000648000000| Untracked 
|  22|0x0000000648400000, 0x0000000648400000, 0x0000000648800000|  0%| F|  |TAMS 0x0000000648400000, 0x0000000648400000| Untracked 
|  23|0x0000000648800000, 0x0000000648800000, 0x0000000648c00000|  0%| F|  |TAMS 0x0000000648800000, 0x0000000648800000| Untracked 
|  24|0x0000000648c00000, 0x0000000648c00000, 0x0000000649000000|  0%| F|  |TAMS 0x0000000648c00000, 0x0000000648c00000| Untracked 
|  25|0x0000000649000000, 0x0000000649000000, 0x0000000649400000|  0%| F|  |TAMS 0x0000000649000000, 0x0000000649000000| Untracked 
|  26|0x0000000649400000, 0x0000000649400000, 0x0000000649800000|  0%| F|  |TAMS 0x0000000649400000, 0x0000000649400000| Untracked 
|  27|0x0000000649800000, 0x0000000649800000, 0x0000000649c00000|  0%| F|  |TAMS 0x0000000649800000, 0x0000000649800000| Untracked 
|  28|0x0000000649c00000, 0x0000000649c00000, 0x000000064a000000|  0%| F|  |TAMS 0x0000000649c00000, 0x0000000649c00000| Untracked 
|  29|0x000000064a000000, 0x000000064a000000, 0x000000064a400000|  0%| F|  |TAMS 0x000000064a000000, 0x000000064a000000| Untracked 
|  30|0x000000064a400000, 0x000000064a400000, 0x000000064a800000|  0%| F|  |TAMS 0x000000064a400000, 0x000000064a400000| Untracked 
|  31|0x000000064a800000, 0x000000064a800000, 0x000000064ac00000|  0%| F|  |TAMS 0x000000064a800000, 0x000000064a800000| Untracked 
|  32|0x000000064ac00000, 0x000000064ac00000, 0x000000064b000000|  0%| F|  |TAMS 0x000000064ac00000, 0x000000064ac00000| Untracked 
|  33|0x000000064b000000, 0x000000064b000000, 0x000000064b400000|  0%| F|  |TAMS 0x000000064b000000, 0x000000064b000000| Untracked 
|  34|0x000000064b400000, 0x000000064b400000, 0x000000064b800000|  0%| F|  |TAMS 0x000000064b400000, 0x000000064b400000| Untracked 
|  35|0x000000064b800000, 0x000000064b800000, 0x000000064bc00000|  0%| F|  |TAMS 0x000000064b800000, 0x000000064b800000| Untracked 
|  36|0x000000064bc00000, 0x000000064bc00000, 0x000000064c000000|  0%| F|  |TAMS 0x000000064bc00000, 0x000000064bc00000| Untracked 
|  37|0x000000064c000000, 0x000000064c000000, 0x000000064c400000|  0%| F|  |TAMS 0x000000064c000000, 0x000000064c000000| Untracked 
|  38|0x000000064c400000, 0x000000064c400000, 0x000000064c800000|  0%| F|  |TAMS 0x000000064c400000, 0x000000064c400000| Untracked 
|  39|0x000000064c800000, 0x000000064c800000, 0x000000064cc00000|  0%| F|  |TAMS 0x000000064c800000, 0x000000064c800000| Untracked 
|  40|0x000000064cc00000, 0x000000064cc00000, 0x000000064d000000|  0%| F|  |TAMS 0x000000064cc00000, 0x000000064cc00000| Untracked 
|  41|0x000000064d000000, 0x000000064d000000, 0x000000064d400000|  0%| F|  |TAMS 0x000000064d000000, 0x000000064d000000| Untracked 
|  42|0x000000064d400000, 0x000000064d400000, 0x000000064d800000|  0%| F|  |TAMS 0x000000064d400000, 0x000000064d400000| Untracked 
|  43|0x000000064d800000, 0x000000064d800000, 0x000000064dc00000|  0%| F|  |TAMS 0x000000064d800000, 0x000000064d800000| Untracked 
|  44|0x000000064dc00000, 0x000000064dc00000, 0x000000064e000000|  0%| F|  |TAMS 0x000000064dc00000, 0x000000064dc00000| Untracked 
|  45|0x000000064e000000, 0x000000064e000000, 0x000000064e400000|  0%| F|  |TAMS 0x000000064e000000, 0x000000064e000000| Untracked 
|  46|0x000000064e400000, 0x000000064e400000, 0x000000064e800000|  0%| F|  |TAMS 0x000000064e400000, 0x000000064e400000| Untracked 
|  47|0x000000064e800000, 0x000000064e800000, 0x000000064ec00000|  0%| F|  |TAMS 0x000000064e800000, 0x000000064e800000| Untracked 
|  48|0x000000064ec00000, 0x000000064ec00000, 0x000000064f000000|  0%| F|  |TAMS 0x000000064ec00000, 0x000000064ec00000| Untracked 
|  49|0x000000064f000000, 0x000000064f000000, 0x000000064f400000|  0%| F|  |TAMS 0x000000064f000000, 0x000000064f000000| Untracked 
|  50|0x000000064f400000, 0x000000064f400000, 0x000000064f800000|  0%| F|  |TAMS 0x000000064f400000, 0x000000064f400000| Untracked 
|  51|0x000000064f800000, 0x000000064f800000, 0x000000064fc00000|  0%| F|  |TAMS 0x000000064f800000, 0x000000064f800000| Untracked 
|  52|0x000000064fc00000, 0x000000064fc00000, 0x0000000650000000|  0%| F|  |TAMS 0x000000064fc00000, 0x000000064fc00000| Untracked 
|  53|0x0000000650000000, 0x0000000650000000, 0x0000000650400000|  0%| F|  |TAMS 0x0000000650000000, 0x0000000650000000| Untracked 
|  54|0x0000000650400000, 0x0000000650400000, 0x0000000650800000|  0%| F|  |TAMS 0x0000000650400000, 0x0000000650400000| Untracked 
|  55|0x0000000650800000, 0x0000000650800000, 0x0000000650c00000|  0%| F|  |TAMS 0x0000000650800000, 0x0000000650800000| Untracked 
|  56|0x0000000650c00000, 0x0000000650c00000, 0x0000000651000000|  0%| F|  |TAMS 0x0000000650c00000, 0x0000000650c00000| Untracked 
|  57|0x0000000651000000, 0x0000000651000000, 0x0000000651400000|  0%| F|  |TAMS 0x0000000651000000, 0x0000000651000000| Untracked 
|  58|0x0000000651400000, 0x0000000651400000, 0x0000000651800000|  0%| F|  |TAMS 0x0000000651400000, 0x0000000651400000| Untracked 
|  59|0x0000000651800000, 0x0000000651800000, 0x0000000651c00000|  0%| F|  |TAMS 0x0000000651800000, 0x0000000651800000| Untracked 
|  60|0x0000000651c00000, 0x0000000651c00000, 0x0000000652000000|  0%| F|  |TAMS 0x0000000651c00000, 0x0000000651c00000| Untracked 
|  61|0x0000000652000000, 0x0000000652000000, 0x0000000652400000|  0%| F|  |TAMS 0x0000000652000000, 0x0000000652000000| Untracked 
|  62|0x0000000652400000, 0x0000000652400000, 0x0000000652800000|  0%| F|  |TAMS 0x0000000652400000, 0x0000000652400000| Untracked 
|  63|0x0000000652800000, 0x0000000652800000, 0x0000000652c00000|  0%| F|  |TAMS 0x0000000652800000, 0x0000000652800000| Untracked 
|  64|0x0000000652c00000, 0x0000000652c00000, 0x0000000653000000|  0%| F|  |TAMS 0x0000000652c00000, 0x0000000652c00000| Untracked 
|  65|0x0000000653000000, 0x0000000653000000, 0x0000000653400000|  0%| F|  |TAMS 0x0000000653000000, 0x0000000653000000| Untracked 
|  66|0x0000000653400000, 0x0000000653400000, 0x0000000653800000|  0%| F|  |TAMS 0x0000000653400000, 0x0000000653400000| Untracked 
|  67|0x0000000653800000, 0x0000000653800000, 0x0000000653c00000|  0%| F|  |TAMS 0x0000000653800000, 0x0000000653800000| Untracked 
|  68|0x0000000653c00000, 0x0000000653c00000, 0x0000000654000000|  0%| F|  |TAMS 0x0000000653c00000, 0x0000000653c00000| Untracked 
|  69|0x0000000654000000, 0x0000000654000000, 0x0000000654400000|  0%| F|  |TAMS 0x0000000654000000, 0x0000000654000000| Untracked 
|  70|0x0000000654400000, 0x0000000654400000, 0x0000000654800000|  0%| F|  |TAMS 0x0000000654400000, 0x0000000654400000| Untracked 
|  71|0x0000000654800000, 0x0000000654800000, 0x0000000654c00000|  0%| F|  |TAMS 0x0000000654800000, 0x0000000654800000| Untracked 
|  72|0x0000000654c00000, 0x0000000654c00000, 0x0000000655000000|  0%| F|  |TAMS 0x0000000654c00000, 0x0000000654c00000| Untracked 
|  73|0x0000000655000000, 0x0000000655000000, 0x0000000655400000|  0%| F|  |TAMS 0x0000000655000000, 0x0000000655000000| Untracked 
|  74|0x0000000655400000, 0x0000000655400000, 0x0000000655800000|  0%| F|  |TAMS 0x0000000655400000, 0x0000000655400000| Untracked 
|  75|0x0000000655800000, 0x0000000655800000, 0x0000000655c00000|  0%| F|  |TAMS 0x0000000655800000, 0x0000000655800000| Untracked 
|  76|0x0000000655c00000, 0x0000000655c00000, 0x0000000656000000|  0%| F|  |TAMS 0x0000000655c00000, 0x0000000655c00000| Untracked 
|  77|0x0000000656000000, 0x0000000656000000, 0x0000000656400000|  0%| F|  |TAMS 0x0000000656000000, 0x0000000656000000| Untracked 
|  78|0x0000000656400000, 0x0000000656400000, 0x0000000656800000|  0%| F|  |TAMS 0x0000000656400000, 0x0000000656400000| Untracked 
|  79|0x0000000656800000, 0x0000000656800000, 0x0000000656c00000|  0%| F|  |TAMS 0x0000000656800000, 0x0000000656800000| Untracked 
|  80|0x0000000656c00000, 0x0000000656c00000, 0x0000000657000000|  0%| F|  |TAMS 0x0000000656c00000, 0x0000000656c00000| Untracked 
|  81|0x0000000657000000, 0x0000000657000000, 0x0000000657400000|  0%| F|  |TAMS 0x0000000657000000, 0x0000000657000000| Untracked 
|  82|0x0000000657400000, 0x0000000657400000, 0x0000000657800000|  0%| F|  |TAMS 0x0000000657400000, 0x0000000657400000| Untracked 
|  83|0x0000000657800000, 0x0000000657800000, 0x0000000657c00000|  0%| F|  |TAMS 0x0000000657800000, 0x0000000657800000| Untracked 
|  84|0x0000000657c00000, 0x0000000657c00000, 0x0000000658000000|  0%| F|  |TAMS 0x0000000657c00000, 0x0000000657c00000| Untracked 
|  85|0x0000000658000000, 0x0000000658000000, 0x0000000658400000|  0%| F|  |TAMS 0x0000000658000000, 0x0000000658000000| Untracked 
|  86|0x0000000658400000, 0x0000000658400000, 0x0000000658800000|  0%| F|  |TAMS 0x0000000658400000, 0x0000000658400000| Untracked 
|  87|0x0000000658800000, 0x0000000658800000, 0x0000000658c00000|  0%| F|  |TAMS 0x0000000658800000, 0x0000000658800000| Untracked 
|  88|0x0000000658c00000, 0x0000000658c00000, 0x0000000659000000|  0%| F|  |TAMS 0x0000000658c00000, 0x0000000658c00000| Untracked 
|  89|0x0000000659000000, 0x0000000659000000, 0x0000000659400000|  0%| F|  |TAMS 0x0000000659000000, 0x0000000659000000| Untracked 
|  90|0x0000000659400000, 0x0000000659400000, 0x0000000659800000|  0%| F|  |TAMS 0x0000000659400000, 0x0000000659400000| Untracked 
|  91|0x0000000659800000, 0x0000000659800000, 0x0000000659c00000|  0%| F|  |TAMS 0x0000000659800000, 0x0000000659800000| Untracked 
|  92|0x0000000659c00000, 0x0000000659c00000, 0x000000065a000000|  0%| F|  |TAMS 0x0000000659c00000, 0x0000000659c00000| Untracked 
|  93|0x000000065a000000, 0x000000065a000000, 0x000000065a400000|  0%| F|  |TAMS 0x000000065a000000, 0x000000065a000000| Untracked 
|  94|0x000000065a400000, 0x000000065a400000, 0x000000065a800000|  0%| F|  |TAMS 0x000000065a400000, 0x000000065a400000| Untracked 
|  95|0x000000065a800000, 0x000000065a800000, 0x000000065ac00000|  0%| F|  |TAMS 0x000000065a800000, 0x000000065a800000| Untracked 
|  96|0x000000065ac00000, 0x000000065ac00000, 0x000000065b000000|  0%| F|  |TAMS 0x000000065ac00000, 0x000000065ac00000| Untracked 
|  97|0x000000065b000000, 0x000000065b000000, 0x000000065b400000|  0%| F|  |TAMS 0x000000065b000000, 0x000000065b000000| Untracked 
|  98|0x000000065b400000, 0x000000065b400000, 0x000000065b800000|  0%| F|  |TAMS 0x000000065b400000, 0x000000065b400000| Untracked 
|  99|0x000000065b800000, 0x000000065b800000, 0x000000065bc00000|  0%| F|  |TAMS 0x000000065b800000, 0x000000065b800000| Untracked 
| 100|0x000000065bc00000, 0x000000065bc00000, 0x000000065c000000|  0%| F|  |TAMS 0x000000065bc00000, 0x000000065bc00000| Untracked 
| 101|0x000000065c000000, 0x000000065c000000, 0x000000065c400000|  0%| F|  |TAMS 0x000000065c000000, 0x000000065c000000| Untracked 
| 102|0x000000065c400000, 0x000000065c400000, 0x000000065c800000|  0%| F|  |TAMS 0x000000065c400000, 0x000000065c400000| Untracked 
| 103|0x000000065c800000, 0x000000065c800000, 0x000000065cc00000|  0%| F|  |TAMS 0x000000065c800000, 0x000000065c800000| Untracked 
| 104|0x000000065cc00000, 0x000000065cc00000, 0x000000065d000000|  0%| F|  |TAMS 0x000000065cc00000, 0x000000065cc00000| Untracked 
| 105|0x000000065d000000, 0x000000065d000000, 0x000000065d400000|  0%| F|  |TAMS 0x000000065d000000, 0x000000065d000000| Untracked 
| 106|0x000000065d400000, 0x000000065d400000, 0x000000065d800000|  0%| F|  |TAMS 0x000000065d400000, 0x000000065d400000| Untracked 
| 107|0x000000065d800000, 0x000000065d800000, 0x000000065dc00000|  0%| F|  |TAMS 0x000000065d800000, 0x000000065d800000| Untracked 
| 108|0x000000065dc00000, 0x000000065dc00000, 0x000000065e000000|  0%| F|  |TAMS 0x000000065dc00000, 0x000000065dc00000| Untracked 
| 109|0x000000065e000000, 0x000000065e000000, 0x000000065e400000|  0%| F|  |TAMS 0x000000065e000000, 0x000000065e000000| Untracked 
| 110|0x000000065e400000, 0x000000065e400000, 0x000000065e800000|  0%| F|  |TAMS 0x000000065e400000, 0x000000065e400000| Untracked 
| 111|0x000000065e800000, 0x000000065e999b10, 0x000000065ec00000| 40%| E|  |TAMS 0x000000065e800000, 0x000000065e800000| Complete 

Card table byte_map: [0x0000021298550000,0x0000021299340000] _byte_map_base: 0x000002129533a000

Marking Bits (Prev, Next): (CMBitMap*) 0x00000212ffd770e0, (CMBitMap*) 0x00000212ffd77120
 Prev Bits: [0x000002129a130000, 0x00000212a1080000)
 Next Bits: [0x00000212a1080000, 0x00000212a7fd0000)

Polling page: 0x00000212ffd90000

Metaspace:

Usage:
  Non-class:      3.31 MB used.
      Class:    288.48 KB used.
       Both:      3.59 MB used.

Virtual space:
  Non-class space:        8.00 MB reserved,       3.31 MB ( 41%) committed,  1 nodes.
      Class space:        1.00 GB reserved,     320.00 KB ( <1%) committed,  1 nodes.
             Both:        1.01 GB reserved,       3.62 MB ( <1%) committed. 

Chunk freelists:
   Non-Class:  0 bytes
       Class:  3.62 MB
        Both:  3.62 MB

MaxMetaspaceSize: unlimited
CompressedClassSpaceSize: 1.00 GB
Initial GC threshold: 21.00 MB
Current GC threshold: 21.00 MB
CDS: off
MetaspaceReclaimPolicy: balanced
 - commit_granule_bytes: 65536.
 - commit_granule_words: 8192.
 - virtual_space_node_default_size: 1048576.
 - enlarge_chunks_in_place: 1.
 - new_chunks_are_fully_committed: 0.
 - uncommit_free_chunks: 1.
 - use_allocation_guard: 0.
 - handle_deallocations: 1.


Internal statistics:

num_allocs_failed_limit: 0.
num_arena_births: 2.
num_arena_deaths: 0.
num_vsnodes_births: 2.
num_vsnodes_deaths: 0.
num_space_committed: 58.
num_space_uncommitted: 0.
num_chunks_returned_to_freelist: 0.
num_chunks_taken_from_freelist: 4.
num_chunk_merges: 0.
num_chunk_splits: 1.
num_chunks_enlarged: 0.
num_purges: 0.
num_inconsistent_stats: 0.

CodeHeap 'non-profiled nmethods': size=119168Kb used=14Kb max_used=14Kb free=119153Kb
 bounds [0x000002128f340000, 0x000002128f5b0000, 0x00000212967a0000]
CodeHeap 'profiled nmethods': size=119104Kb used=96Kb max_used=96Kb free=119007Kb
 bounds [0x0000021287ef0000, 0x0000021288160000, 0x000002128f340000]
CodeHeap 'non-nmethods': size=7488Kb used=2161Kb max_used=2161Kb free=5326Kb
 bounds [0x00000212877a0000, 0x0000021287a10000, 0x0000021287ef0000]
 total_blobs=366 nmethods=76 adapters=201
 compilation: enabled
              stopped_count=0, restarted_count=0
 full_count=0

Compilation events (20 events):
Event: 0.095 Thread 0x00000212ab0d6e50   60       1       java.lang.module.ResolvedModule::reference (5 bytes)
Event: 0.095 Thread 0x00000212ab241180 nmethod 68 0x000002128f342710 code [0x000002128f3428a0, 0x000002128f342978]
Event: 0.095 Thread 0x00000212ab23c950 nmethod 70 0x000002128f342a10 code [0x000002128f342ba0, 0x000002128f342c78]
Event: 0.095 Thread 0x00000212ab241180   58       3       java.lang.String::<init> (15 bytes)
Event: 0.095 Thread 0x00000212ab0d6e50 nmethod 60 0x000002128f342d10 code [0x000002128f342ea0, 0x000002128f342f78]
Event: 0.095 Thread 0x00000212ab23c950   73       3       java.util.HashSet::add (20 bytes)
Event: 0.095 Thread 0x00000212ab0d6e50   72       3       java.lang.module.ResolvedModule::name (11 bytes)
Event: 0.095 Thread 0x00000212ab241180 nmethod 58 0x0000021287f06c10 code [0x0000021287f06da0, 0x0000021287f06f78]
Event: 0.095 Thread 0x00000212ab0d6e50 nmethod 72 0x0000021287f07010 code [0x0000021287f071a0, 0x0000021287f07318]
Event: 0.095 Thread 0x00000212ab0d6e50   71       1       java.lang.module.ResolvedModule::configuration (5 bytes)
Event: 0.095 Thread 0x00000212ab241180   74       1       java.lang.module.ModuleDescriptor$Exports::targets (5 bytes)
Event: 0.095 Thread 0x00000212ab23c950 nmethod 73 0x0000021287f07410 code [0x0000021287f075c0, 0x0000021287f07788]
Event: 0.095 Thread 0x00000212ab23c950   59       3       java.lang.StringBuilder::append (8 bytes)
Event: 0.095 Thread 0x00000212ab0d6e50 nmethod 71 0x000002128f343010 code [0x000002128f3431a0, 0x000002128f343278]
Event: 0.095 Thread 0x00000212ab241180 nmethod 74 0x000002128f343310 code [0x000002128f3434a0, 0x000002128f343578]
Event: 0.095 Thread 0x00000212ab0d6e50   75       3       java.util.ImmutableCollections$Set12::iterator (9 bytes)
Event: 0.095 Thread 0x00000212ab241180   76       1       java.util.ImmutableCollections$Set12::isEmpty (2 bytes)
Event: 0.095 Thread 0x00000212ab23c950 nmethod 59 0x0000021287f07890 code [0x0000021287f07a20, 0x0000021287f07b68]
Event: 0.095 Thread 0x00000212ab241180 nmethod 76 0x000002128f343610 code [0x000002128f3437a0, 0x000002128f343878]
Event: 0.095 Thread 0x00000212ab0d6e50 nmethod 75 0x0000021287f07c10 code [0x0000021287f07dc0, 0x0000021287f080b8]

GC Heap History (0 events):
No events

Deoptimization events (0 events):
No events

Classes unloaded (0 events):
No events

Classes redefined (0 events):
No events

Internal exceptions (0 events):
No events

VM Operations (0 events):
No events

Events (20 events):
Event: 0.099 loading class sun/nio/cs/SingleByte$Decoder done
Event: 0.100 loading class java/lang/StringCoding
Event: 0.100 loading class java/lang/StringCoding done
Event: 0.100 loading class sun/net/util/URLUtil
Event: 0.100 loading class sun/net/util/URLUtil done
Event: 0.100 loading class jdk/internal/loader/URLClassPath$3
Event: 0.100 loading class java/security/PrivilegedExceptionAction
Event: 0.100 loading class java/security/PrivilegedExceptionAction done
Event: 0.100 loading class jdk/internal/loader/URLClassPath$3 done
Event: 0.100 loading class jdk/internal/loader/URLClassPath$JarLoader
Event: 0.100 loading class jdk/internal/loader/URLClassPath$Loader
Event: 0.100 loading class jdk/internal/loader/URLClassPath$Loader done
Event: 0.100 loading class jdk/internal/loader/URLClassPath$JarLoader done
Event: 0.100 loading class java/util/zip/ZipFile
Event: 0.100 loading class java/util/zip/ZipConstants
Event: 0.100 loading class java/util/zip/ZipConstants done
Event: 0.100 loading class java/util/zip/ZipFile done
Event: 0.100 loading class java/util/zip/ZipFile$1
Event: 0.101 loading class jdk/internal/access/JavaUtilZipFileAccess
Event: 0.101 loading class jdk/internal/access/JavaUtilZipFileAccess done


Dynamic libraries:
0x00007ff7f4db0000 - 0x00007ff7f4dc0000 	C:\Program Files\Java\jdk-17.0.3.1\bin\java.exe
0x00007ffdb36b0000 - 0x00007ffdb38a8000 	C:\WINDOWS\SYSTEM32\ntdll.dll
0x00007ffdb3400000 - 0x00007ffdb34bf000 	C:\WINDOWS\System32\KERNEL32.DLL
0x00007ffdb3120000 - 0x00007ffdb33f2000 	C:\WINDOWS\System32\KERNELBASE.dll
0x000000007fab0000 - 0x000000007faeb000 	C:\WINDOWS\System32\cyinjct.dll
0x00007ffdb2fa0000 - 0x00007ffdb2fac000 	C:\WINDOWS\System32\ntnativeapi.dll
0x00007ffd803d0000 - 0x00007ffd803e8000 	C:\Program Files\Java\jdk-17.0.3.1\bin\jli.dll
0x00007ffdb2dc0000 - 0x00007ffdb2e6e000 	C:\WINDOWS\System32\ADVAPI32.dll
0x00007ffdb1430000 - 0x00007ffdb14ce000 	C:\WINDOWS\System32\msvcrt.dll
0x00007ffdb14d0000 - 0x00007ffdb156c000 	C:\WINDOWS\System32\sechost.dll
0x00007ffdb2ff0000 - 0x00007ffdb3115000 	C:\WINDOWS\System32\RPCRT4.dll
0x00000212fdf60000 - 0x00000212fe101000 	C:\WINDOWS\System32\USER32.dll
0x00007ffdb0c80000 - 0x00007ffdb0ca2000 	C:\WINDOWS\System32\win32u.dll
0x00007ffdb1840000 - 0x00007ffdb186b000 	C:\WINDOWS\System32\GDI32.dll
0x00007ffdb11e0000 - 0x00007ffdb12ef000 	C:\WINDOWS\System32\gdi32full.dll
0x00007ffdb0db0000 - 0x00007ffdb0e4d000 	C:\WINDOWS\System32\msvcp_win.dll
0x00000212fe110000 - 0x00000212fe210000 	C:\WINDOWS\System32\ucrtbase.dll
0x00007ffd803b0000 - 0x00007ffd803ca000 	C:\Program Files\Java\jdk-17.0.3.1\bin\VCRUNTIME140.dll
0x00007ffd9ee20000 - 0x00007ffd9f0ba000 	C:\WINDOWS\WinSxS\amd64_microsoft.windows.common-controls_6595b64144ccf1df_6.0.19041.1110_none_60b5254171f9507e\COMCTL32.dll
0x00007ffda83a0000 - 0x00007ffda83aa000 	C:\WINDOWS\SYSTEM32\VERSION.dll
0x00007ffdb2f80000 - 0x00007ffdb2f9e000 	C:\WINDOWS\System32\cyvera.dll
0x00007ffdb2f10000 - 0x00007ffdb2f78000 	C:\WINDOWS\System32\cyvrtrap.dll
0x00007ffdb15f0000 - 0x00007ffdb1622000 	C:\WINDOWS\System32\IMM32.DLL
0x0000000068000000 - 0x000000006806e000 	C:\WINDOWS\System32\QIPCAP64.dll
0x00007ffdb2090000 - 0x00007ffdb27d4000 	C:\WINDOWS\System32\SHELL32.dll
0x00007ffdb00f0000 - 0x00007ffdb01ba000 	C:\WINDOWS\SYSTEM32\DNSAPI.dll
0x00007ffdb00a0000 - 0x00007ffdb00db000 	C:\WINDOWS\SYSTEM32\IPHLPAPI.DLL
0x00007ffdb28b0000 - 0x00007ffdb28b8000 	C:\WINDOWS\System32\NSI.dll
0x00007ffd90850000 - 0x00007ffd9085c000 	C:\Program Files\Java\jdk-17.0.3.1\bin\vcruntime140_1.dll
0x00007ffd7fbe0000 - 0x00007ffd7fc6d000 	C:\Program Files\Java\jdk-17.0.3.1\bin\msvcp140.dll
0x00007ffd7ee10000 - 0x00007ffd7f9d0000 	C:\Program Files\Java\jdk-17.0.3.1\bin\server\jvm.dll
0x00007ffdb28c0000 - 0x00007ffdb28c8000 	C:\WINDOWS\System32\PSAPI.DLL
0x00007ffd90840000 - 0x00007ffd90849000 	C:\WINDOWS\SYSTEM32\WSOCK32.dll
0x00007ffdb27e0000 - 0x00007ffdb284b000 	C:\WINDOWS\System32\WS2_32.dll
0x00007ffda6150000 - 0x00007ffda6177000 	C:\WINDOWS\SYSTEM32\WINMM.dll
0x00007ffdaf620000 - 0x00007ffdaf632000 	C:\WINDOWS\SYSTEM32\kernel.appcore.dll
0x00007ffd9ae00000 - 0x00007ffd9ae0a000 	C:\Program Files\Java\jdk-17.0.3.1\bin\jimage.dll
0x00007ffdaeef0000 - 0x00007ffdaf0d4000 	C:\WINDOWS\SYSTEM32\DBGHELP.DLL
0x00007ffd95e10000 - 0x00007ffd95e45000 	C:\WINDOWS\SYSTEM32\dbgcore.DLL
0x00007ffdb1020000 - 0x00007ffdb10a2000 	C:\WINDOWS\System32\bcryptPrimitives.dll
0x00007ffdb2ed0000 - 0x00007ffdb2f07000 	C:\Program Files\Palo Alto Networks\Traps\cyjagent.dll
0x00007ffd7c510000 - 0x00007ffd7c535000 	C:\Program Files\Java\jdk-17.0.3.1\bin\java.dll
0x00007ffd7c430000 - 0x00007ffd7c506000 	C:\Program Files\Java\jdk-17.0.3.1\bin\jsvml.dll
0x00007ffdadde0000 - 0x00007ffdae572000 	C:\WINDOWS\SYSTEM32\windows.storage.dll
0x00007ffdb1c60000 - 0x00007ffdb1fb5000 	C:\WINDOWS\System32\combase.dll
0x00007ffdb0600000 - 0x00007ffdb0630000 	C:\WINDOWS\SYSTEM32\Wldp.dll
0x00007ffdb1380000 - 0x00007ffdb142d000 	C:\WINDOWS\System32\SHCORE.dll
0x00007ffdb1590000 - 0x00007ffdb15e5000 	C:\WINDOWS\System32\shlwapi.dll
0x00007ffdb0bc0000 - 0x00007ffdb0bdf000 	C:\WINDOWS\SYSTEM32\profapi.dll

dbghelp: loaded successfully - version: 4.0.5 - missing functions: none
symbol engine: initialized successfully - sym options: 0x614 - pdb path: .;C:\Program Files\Java\jdk-17.0.3.1\bin;C:\WINDOWS\SYSTEM32;C:\WINDOWS\WinSxS\amd64_microsoft.windows.common-controls_6595b64144ccf1df_6.0.19041.1110_none_60b5254171f9507e;C:\Program Files\Java\jdk-17.0.3.1\bin\server;C:\Program Files\Palo Alto Networks\Traps

VM Arguments:
jvm_args: -agentpath:C:\Program Files\Palo Alto Networks\Traps\cyjagent.dll 
java_command: io.qameta.allure.CommandLine serve C:\Celleniu\core\static\reports\allure_report.json
java_class_path (initial): C:\Users\evgenyp\scoop\apps\allure\2.17.2\lib\allure-commandline-2.17.2.jar;C:\Users\evgenyp\scoop\apps\allure\2.17.2\lib\logback-classic-1.2.7.jar;C:\Users\evgenyp\scoop\apps\allure\2.17.2\lib\jcommander-1.81.jar;C:\Users\evgenyp\scoop\apps\allure\2.17.2\lib\allure-generator-2.17.2.jar;C:\Users\evgenyp\scoop\apps\allure\2.17.2\lib\jackson-dataformat-xml-2.12.5.jar;C:\Users\evgenyp\scoop\apps\allure\2.17.2\lib\jackson-module-jaxb-annotations-2.12.5.jar;C:\Users\evgenyp\scoop\apps\allure\2.17.2\lib\jackson-annotations-2.12.5.jar;C:\Users\evgenyp\scoop\apps\allure\2.17.2\lib\jackson-core-2.12.5.jar;C:\Users\evgenyp\scoop\apps\allure\2.17.2\lib\jackson-dataformat-yaml-2.12.5.jar;C:\Users\evgenyp\scoop\apps\allure\2.17.2\lib\allure-plugin-api-2.17.2.jar;C:\Users\evgenyp\scoop\apps\allure\2.17.2\lib\jackson-databind-2.12.5.jar;C:\Users\evgenyp\scoop\apps\allure\2.17.2\lib\tika-core-2.1.0.jar;C:\Users\evgenyp\scoop\apps\allure\2.17.2\lib\commons-io-2.11.0.jar;C:\Users\evgenyp\scoop\apps\allure\2.17.2\lib\jetty-server-9.4.43.v20210629.jar;C:\Users\evgenyp\scoop\apps\allure\2.17.2\lib\logback-core-1.2.7.jar;C:\Users\evgenyp\scoop\apps\allure\2.17.2\lib\allure1-model-1.0.jar;C:\Users\evgenyp\scoop\apps\allure\2.17.2\lib\slf4j-api-1.7.32.jar;C:\Users\evgenyp\scoop\apps\allure\2.17.2\lib\snakeyaml-1.27.jar;C:\Users\evgenyp\scoop\apps\allure\2.17.2\lib\javax.servlet-api-3.1.0.jar;C:\Users\evgenyp\scoop\apps\allure\2.17.2\lib\jetty-http-9.4.43.v20210629.jar;C:\Users\evgenyp\scoop\apps\allure\2.17.2\lib\jetty-io-9.4.43.v20210629.jar;C:\Users\evgenyp\scoop\apps\allure\2.17.2\lib\allure-model-2.17.1.jar;C:\Users\evgenyp\scoop\apps\allure\2.17.2\lib\jaxb-api-2.3.1.jar;C:\Users\evgenyp\scoop\apps\allure\2.17.2\lib\httpclient-4.5.13.jar;C:\Users\evgenyp\scoop\apps\allure\2.17.2\lib\freemarker-2.3.31.jar;C:\Users\evgenyp\scoop\apps\allure\2.17.2\lib\jetty-util-9.4.43.v20210629.jar;C:\Users\evgenyp\scoop\apps\allure\2.17.2\lib\opencsv-4.6.jar;C:\Users\evgeny
Launcher Type: SUN_STANDARD

[Global flags]
     intx CICompilerCount                          = 12                                        {product} {ergonomic}
     uint ConcGCThreads                            = 3                                         {product} {ergonomic}
     uint G1ConcRefinementThreads                  = 13                                        {product} {ergonomic}
   size_t G1HeapRegionSize                         = 4194304                                   {product} {ergonomic}
    uintx GCDrainStackTargetSize                   = 64                                        {product} {ergonomic}
   size_t InitialHeapSize                          = 469762048                                 {product} {ergonomic}
   size_t MarkStackSize                            = 4194304                                   {product} {ergonomic}
   size_t MaxHeapSize                              = 7470055424                                {product} {ergonomic}
   size_t MaxNewSize                               = 4479516672                                {product} {ergonomic}
   size_t MinHeapDeltaBytes                        = 4194304                                   {product} {ergonomic}
   size_t MinHeapSize                              = 8388608                                   {product} {ergonomic}
    uintx NonNMethodCodeHeapSize                   = 7602480                                {pd product} {ergonomic}
    uintx NonProfiledCodeHeapSize                  = 122027880                              {pd product} {ergonomic}
    uintx ProfiledCodeHeapSize                     = 122027880                              {pd product} {ergonomic}
    uintx ReservedCodeCacheSize                    = 251658240                              {pd product} {ergonomic}
     bool SegmentedCodeCache                       = true                                      {product} {ergonomic}
   size_t SoftMaxHeapSize                          = 7470055424                             {manageable} {ergonomic}
     bool UseCompressedClassPointers               = true                           {product lp64_product} {ergonomic}
     bool UseCompressedOops                        = true                           {product lp64_product} {ergonomic}
     bool UseG1GC                                  = true                                      {product} {ergonomic}
     bool UseLargePagesIndividualAllocation        = false                                  {pd product} {ergonomic}

Logging:
Log output configuration:
 #0: stdout all=warning uptime,level,tags
 #1: stderr all=off uptime,level,tags

Environment Variables:
CLASSPATH=C:\Users\evgenyp\scoop\apps\allure\2.17.2\lib\allure-commandline-2.17.2.jar;C:\Users\evgenyp\scoop\apps\allure\2.17.2\lib\logback-classic-1.2.7.jar;C:\Users\evgenyp\scoop\apps\allure\2.17.2\lib\jcommander-1.81.jar;C:\Users\evgenyp\scoop\apps\allure\2.17.2\lib\allure-generator-2.17.2.jar;C:\Users\evgenyp\scoop\apps\allure\2.17.2\lib\jackson-dataformat-xml-2.12.5.jar;C:\Users\evgenyp\scoop\apps\allure\2.17.2\lib\jackson-module-jaxb-annotations-2.12.5.jar;C:\Users\evgenyp\scoop\apps\allure\2.17.2\lib\jackson-annotations-2.12.5.jar;C:\Users\evgenyp\scoop\apps\allure\2.17.2\lib\jackson-core-2.12.5.jar;C:\Users\evgenyp\scoop\apps\allure\2.17.2\lib\jackson-dataformat-yaml-2.12.5.jar;C:\Users\evgenyp\scoop\apps\allure\2.17.2\lib\allure-plugin-api-2.17.2.jar;C:\Users\evgenyp\scoop\apps\allure\2.17.2\lib\jackson-databind-2.12.5.jar;C:\Users\evgenyp\scoop\apps\allure\2.17.2\lib\tika-core-2.1.0.jar;C:\Users\evgenyp\scoop\apps\allure\2.17.2\lib\commons-io-2.11.0.jar;C:\Users\evgenyp\scoop\apps\allure\2.17.2\lib\jetty-server-9.4.43.v20210629.jar;C:\Users\evgenyp\scoop\apps\allure\2.17.2\lib\logback-core-1.2.7.jar;C:\Users\evgenyp\scoop\apps\allure\2.17.2\lib\allure1-model-1.0.jar;C:\Users\evgenyp\scoop\apps\allure\2.17.2\lib\slf4j-api-1.7.32.jar;C:\Users\evgenyp\scoop\apps\allure\2.17.2\lib\snakeyaml-1.27.jar;C:\Users\evgenyp\scoop\apps\allure\2.17.2\lib\javax.servlet-api-3.1.0.jar;C:\Users\evgenyp\scoop\apps\allure\2.17.2\lib\jetty-http-9.4.43.v20210629.jar;C:\Users\evgenyp\scoop\apps\allure\2.17.2\lib\jetty-io-9.4.43.v20210629.jar;C:\Users\evgenyp\scoop\apps\allure\2.17.2\lib\allure-model-2.17.1.jar;C:\Users\evgenyp\scoop\apps\allure\2.17.2\lib\jaxb-api-2.3.1.jar;C:\Users\evgenyp\scoop\apps\allure\2.17.2\lib\httpclient-4.5.13.jar;C:\Users\evgenyp\scoop\apps\allure\2.17.2\lib\freemarker-2.3.31.jar;C:\Users\evgenyp\scoop\apps\allure\2.17.2\lib\jetty-util-9.4.43.v20210629.jar;C:\Users\evgenyp\scoop\apps\allure\2.17.2\lib\opencsv-4.6.jar;C:\Users\evgenyp\scoop\apps\allure\2.17.2\
PATH=C:\Program Files\Common Files\Oracle\Java\javapath;C:\Program Files (x86)\Microsoft SDKs\Azure\CLI2\wbin;C:\Program Files (x86)\Razer Chroma SDK\bin;C:\Program Files\Razer Chroma SDK\bin;C:\Program Files (x86)\Razer\ChromaBroadcast\bin;C:\Program Files\Razer\ChromaBroadcast\bin;C:\Program Files (x86)\Common Files\Oracle\Java\javapath;C:\WINDOWS\system32;C:\WINDOWS;C:\WINDOWS\System32\Wbem;C:\WINDOWS\System32\WindowsPowerShell\v1.0\;C:\WINDOWS\System32\OpenSSH\;C:\Program Files (x86)\Pulse Secure\VC142.CRT\X64\;C:\Program Files (x86)\Pulse Secure\VC142.CRT\X86\;C:\Program Files\nodejs\;C:\WINDOWS\system32\config\systemprofile\AppData\Local\Microsoft\WindowsApps;C:\Program Files\dotnet\;C:\Program Files (x86)\GitExtensions\;C:\Users\evgenyp\scoop\apps\allure\2.17.2\bin;C:\Program Files\PowerShell\7\;C:\Users\evgenyp\scoop\apps\allure\current\bin\allure.bat;C:\Program Files\Microsoft SQL Server\150\Tools\Binn\;C:\Program Files\Git\cmd;C:\Program Files (x86)\Common Files\Pulse Secure\TNC Client Plugin\;C:\Users\evgenyp\AppData\Local\Programs\Python\Python310\Scripts;C:\Users\evgenyp\AppData\Local\Programs\Python\Python310\;C:\Program Files\MySQL\MySQL Shell 8.0\bin\;C:\Users\evgenyp\scoop\shims;C:\Users\evgenyp\AppData\Local\Microsoft\WindowsApps;C:\Program Files\JetBrains\PyCharm Community Edition 2021.2.2\bin;C:\Users\evgenyp\AppData\Roaming\npm;C:\Users\evgenyp\.dotnet\tools;C:\Users\evgenyp\scoop\apps\allure\current\bin\allure.bat;C:\Users\evgenyp\AppData\Cellenium\core\util\env_buildervenv\Scripts\python.exe;C:\Users\evgenyp\.dotnet\tools;C:\Users\evgenyp\IdeaProjects\CelleniumApp\venv\Scripts\python.exe;C:\Users\evgenyp\Cellenium\venv\Scripts\python.exe;C:\Program Files\JetBrains\IntelliJ IDEA 2022.3.1\bin;;C:\Program Files\JetBrains\IntelliJ IDEA Community Edition 2022.3.1\bin;;C:\Program Files\JetBrains\PyCharm Community Edition 2022.3.1\bin;;C:\Users\evgenyp\AppData\Local\Programs\Microsoft VS Code\bin;C:\Cellenium\venv\Scripts\python.exe;C:\Users\evgenyp\App
USERNAME=evgenyp
OS=Windows_NT
PROCESSOR_IDENTIFIER=AMD64 Family 25 Model 80 Stepping 0, AuthenticAMD



---------------  S Y S T E M  ---------------

OS:
 Windows 10 , 64 bit Build 19041 (10.0.19041.2364)
OS uptime: 0 days 0:43 hours
Hyper-V role detected

CPU: total 16 (initial active 16) (16 cores per cpu, 2 threads per core) family 25 model 80 stepping 0 microcode 0x0, cx8, cmov, fxsr, ht, mmx, 3dnowpref, sse, sse2, sse3, ssse3, sse4a, sse4.1, sse4.2, popcnt, lzcnt, tsc, tscinvbit, avx, avx2, aes, erms, clmul, bmi1, bmi2, adx, sha, fma, vzeroupper, clflush, clflushopt, hv

Memory: 4k page, system-wide physical 28494M (4542M free)
TotalPageFile size 114510M (AvailPageFile size 4M)
current process WorkingSet (physical memory assigned to process): 29M, peak: 29M
current process commit charge ("private bytes"): 547M, peak: 551M

vm_info: Java HotSpot(TM) 64-Bit Server VM (17.0.3.1+2-LTS-6) for windows-amd64 JRE (17.0.3.1+2-LTS-6), built on Apr 25 2022 22:04:21 by "mach5one" with MS VC++ 16.8 / 16.9 (VS2019)

END.
